[debug] [2022-07-02T11:49:06.334Z] ----------------------------------------------------------------------
[debug] [2022-07-02T11:49:06.336Z] Command:       C:\Program Files\nodejs\node.exe C:\Users\hkaga\AppData\Roaming\npm\node_modules\firebase-tools\lib\bin\firebase.js emulators:start
[debug] [2022-07-02T11:49:06.336Z] CLI Version:   11.1.0
[debug] [2022-07-02T11:49:06.336Z] Platform:      win32
[debug] [2022-07-02T11:49:06.336Z] Node Version:  v16.14.0
[debug] [2022-07-02T11:49:06.337Z] Time:          Sat Jul 02 2022 14:49:06 GMT+0300 (GMT+03:00)
[debug] [2022-07-02T11:49:06.337Z] ----------------------------------------------------------------------
[debug] 
[debug] [2022-07-02T11:49:06.396Z] > command requires scopes: ["email","openid","https://www.googleapis.com/auth/cloudplatformprojects.readonly","https://www.googleapis.com/auth/firebase","https://www.googleapis.com/auth/cloud-platform"]
[debug] [2022-07-02T11:49:06.396Z] > authorizing via signed-in user (hkagandnc@gmail.com)
[info] i  emulators: Starting emulators: functions, hosting {"metadata":{"emulator":{"name":"hub"},"message":"Starting emulators: functions, hosting"}}
[debug] [2022-07-02T11:49:06.420Z] [hub] writing locator at C:\Users\hkaga\AppData\Local\Temp\hub-clone-2b9d7.json
[warn] !  functions: The following emulators are not running, calls to these services from the Functions emulator will affect production: auth, firestore, database, pubsub, storage {"metadata":{"emulator":{"name":"functions"},"message":"The following emulators are not running, calls to these services from the Functions emulator will affect production: \u001b[1mauth, firestore, database, pubsub, storage\u001b[22m"}}
[info] +  functions: Using node@16 from host. {"metadata":{"emulator":{"name":"functions"},"message":"Using node@16 from host."}}
[debug] [2022-07-02T11:49:06.485Z] defaultcredentials: writing to file C:\Users\hkaga\AppData\Roaming\firebase\hkagandnc_gmail_com_application_default_credentials.json
[debug] [2022-07-02T11:49:06.486Z] Setting GAC to C:\Users\hkaga\AppData\Roaming\firebase\hkagandnc_gmail_com_application_default_credentials.json {"metadata":{"emulator":{"name":"functions"},"message":"Setting GAC to C:\\Users\\hkaga\\AppData\\Roaming\\firebase\\hkagandnc_gmail_com_application_default_credentials.json"}}
[debug] [2022-07-02T11:49:06.489Z] >>> [apiv2][query] GET https://firebase.googleapis.com/v1beta1/projects/clone-2b9d7/adminSdkConfig [none]
[debug] [2022-07-02T11:49:06.818Z] <<< [apiv2][status] GET https://firebase.googleapis.com/v1beta1/projects/clone-2b9d7/adminSdkConfig 200
[debug] [2022-07-02T11:49:06.818Z] <<< [apiv2][body] GET https://firebase.googleapis.com/v1beta1/projects/clone-2b9d7/adminSdkConfig {"projectId":"clone-2b9d7","storageBucket":"clone-2b9d7.appspot.com"}
[debug] [2022-07-02T11:49:06.828Z] >>> [apiv2][query] GET https://firebasehosting.googleapis.com/v1beta1/projects/clone-2b9d7/sites 
[debug] [2022-07-02T11:49:08.020Z] <<< [apiv2][status] GET https://firebasehosting.googleapis.com/v1beta1/projects/clone-2b9d7/sites 200
[debug] [2022-07-02T11:49:08.020Z] <<< [apiv2][body] GET https://firebasehosting.googleapis.com/v1beta1/projects/clone-2b9d7/sites {"sites":[{"name":"projects/clone-2b9d7/sites/clone-2b9d7","defaultUrl":"https://clone-2b9d7.web.app","appId":"1:1020091254293:web:50bfe4633dc9f8acad701c","type":"DEFAULT_SITE"}]}
[debug] [2022-07-02T11:49:08.020Z] >>> [apiv2][query] GET https://firebase.googleapis.com/v1beta1/projects/clone-2b9d7/webApps/1:1020091254293:web:50bfe4633dc9f8acad701c/config [none]
[debug] [2022-07-02T11:49:08.905Z] <<< [apiv2][status] GET https://firebase.googleapis.com/v1beta1/projects/clone-2b9d7/webApps/1:1020091254293:web:50bfe4633dc9f8acad701c/config 200
[debug] [2022-07-02T11:49:08.905Z] <<< [apiv2][body] GET https://firebase.googleapis.com/v1beta1/projects/clone-2b9d7/webApps/1:1020091254293:web:50bfe4633dc9f8acad701c/config {"projectId":"clone-2b9d7","appId":"1:1020091254293:web:50bfe4633dc9f8acad701c","storageBucket":"clone-2b9d7.appspot.com","apiKey":"AIzaSyA_2le4vJ6ODxocUowIVcxbPm4cPTX_GWY","authDomain":"clone-2b9d7.firebaseapp.com","messagingSenderId":"1020091254293"}
[info] i  hosting: Serving hosting files from: build {"metadata":{"emulator":{"name":"hosting"},"message":"Serving hosting files from: \u001b[1mbuild\u001b[22m"}}
[info] +  hosting: Local server: http://localhost:5000 {"metadata":{"emulator":{"name":"hosting"},"message":"Local server: \u001b[4m\u001b[1mhttp://localhost:5000\u001b[22m\u001b[24m"}}
[debug] [2022-07-02T11:49:08.926Z] Ignoring unsupported arg: auto_download {"metadata":{"emulator":{"name":"ui"},"message":"Ignoring unsupported arg: auto_download"}}
[debug] [2022-07-02T11:49:08.926Z] Ignoring unsupported arg: port {"metadata":{"emulator":{"name":"ui"},"message":"Ignoring unsupported arg: port"}}
[debug] [2022-07-02T11:49:08.926Z] Starting Emulator UI with command {"binary":"node","args":["--dns-result-order=ipv4first","C:\\Users\\hkaga\\.cache\\firebase\\emulators\\ui-v1.7.0\\server.bundle.js"],"optionalArgs":[],"joinArgs":false} {"metadata":{"emulator":{"name":"ui"},"message":"Starting Emulator UI with command {\"binary\":\"node\",\"args\":[\"--dns-result-order=ipv4first\",\"C:\\\\Users\\\\hkaga\\\\.cache\\\\firebase\\\\emulators\\\\ui-v1.7.0\\\\server.bundle.js\"],\"optionalArgs\":[],\"joinArgs\":false}"}}
[info] i  ui: Emulator UI logging to ui-debug.log {"metadata":{"emulator":{"name":"ui"},"message":"Emulator UI logging to \u001b[1mui-debug.log\u001b[22m"}}
[debug] [2022-07-02T11:49:09.048Z] Web / API server started at localhost:4000
 {"metadata":{"emulator":{"name":"ui"},"message":"Web / API server started at localhost:4000\n"}}
[info] i  functions: Watching "C:\Users\hkaga\Desktop\repos\frontend\react\amazon-clone-fullstack\amazon-clone\functions" for Cloud Functions... {"metadata":{"emulator":{"name":"functions"},"message":"Watching \"C:\\Users\\hkaga\\Desktop\\repos\\frontend\\react\\amazon-clone-fullstack\\amazon-clone\\functions\" for Cloud Functions..."}}
[debug] [2022-07-02T11:49:09.201Z] Validating nodejs source
[debug] [2022-07-02T11:49:11.270Z] > [functions] package.json contents: {
  "name": "functions",
  "description": "Cloud Functions for Firebase",
  "scripts": {
    "lint": "eslint .",
    "serve": "firebase emulators:start --only functions",
    "shell": "firebase functions:shell",
    "start": "npm run shell",
    "deploy": "firebase deploy --only functions",
    "logs": "firebase functions:log"
  },
  "engines": {
    "node": "16"
  },
  "main": "index.js",
  "dependencies": {
    "cors": "^2.8.5",
    "express": "^4.18.1",
    "firebase-admin": "^10.0.2",
    "firebase-functions": "^3.18.0",
    "stripe": "^9.11.0"
  },
  "devDependencies": {
    "eslint": "^8.9.0",
    "eslint-config-google": "^0.14.0",
    "firebase-functions-test": "^0.2.0"
  },
  "private": true
}
[debug] [2022-07-02T11:49:11.271Z] Building nodejs source
[debug] [2022-07-02T11:49:11.271Z] Analyzing nodejs backend spec
[debug] [2022-07-02T11:49:11.272Z] Could not find functions.yaml. Must use http discovery
[debug] [2022-07-02T11:49:11.505Z] Serving at port 9005

[debug] [2022-07-02T11:49:11.623Z] undefined

[debug] [2022-07-02T11:49:11.627Z] Got response from /__/functions.yaml {"endpoints":{"api":{"platform":"gcfv1","httpsTrigger":{},"entryPoint":"api"}},"specVersion":"v1alpha1","requiredAPIs":[]}
[debug] [2022-07-02T11:49:11.635Z] shutdown requested via /__/quitquitquit

[info] +  functions[us-central1-api]: http function initialized (http://localhost:5001/clone-2b9d7/us-central1/api). {"metadata":{"emulator":{"name":"functions"},"message":"\u001b[1mhttp\u001b[22m function initialized (http://localhost:5001/clone-2b9d7/us-central1/api)."}}
[info] 
┌─────────────────────────────────────────────────────────────┐
│ ✔  All emulators ready! It is now safe to connect your app. │
│ i  View Emulator UI at http://localhost:4000                │
└─────────────────────────────────────────────────────────────┘

┌───────────┬────────────────┬─────────────────────────────────┐
│ Emulator  │ Host:Port      │ View in Emulator UI             │
├───────────┼────────────────┼─────────────────────────────────┤
│ Functions │ localhost:5001 │ http://localhost:4000/functions │
├───────────┼────────────────┼─────────────────────────────────┤
│ Hosting   │ localhost:5000 │ n/a                             │
└───────────┴────────────────┴─────────────────────────────────┘
  Emulator Hub running at localhost:4400
  Other reserved ports: 4500

Issues? Report them at https://github.com/firebase/firebase-tools/issues and attach the *-debug.log files.
 
[debug] [2022-07-02T11:50:17.963Z] Functions emulator received unknown request at path /
[debug] [2022-07-02T11:50:18.048Z] Functions emulator received unknown request at path /favicon.ico
[info] i  hosting: 127.0.0.1 - - [02/Jul/2022:11:50:47 +0000] "GET / HTTP/1.1" 200 850 "-" "Mozilla/5.0 (Windows NT 10.0; Win64; x64; rv:103.0) Gecko/20100101 Firefox/103.0" {"metadata":{"emulator":{"name":"hosting"},"message":"127.0.0.1 - - [02/Jul/2022:11:50:47 +0000] \"GET / HTTP/1.1\" 200 850 \"-\" \"Mozilla/5.0 (Windows NT 10.0; Win64; x64; rv:103.0) Gecko/20100101 Firefox/103.0\""}}
[info] i  hosting: 127.0.0.1 - - [02/Jul/2022:11:50:47 +0000] "GET /static/css/main.e7009b7f.css HTTP/1.1" 200 4169 "http://localhost:5000/" "Mozilla/5.0 (Windows NT 10.0; Win64; x64; rv:103.0) Gecko/20100101 Firefox/103.0" {"metadata":{"emulator":{"name":"hosting"},"message":"127.0.0.1 - - [02/Jul/2022:11:50:47 +0000] \"GET /static/css/main.e7009b7f.css HTTP/1.1\" 200 4169 \"http://localhost:5000/\" \"Mozilla/5.0 (Windows NT 10.0; Win64; x64; rv:103.0) Gecko/20100101 Firefox/103.0\""}}
[info] i  hosting: 127.0.0.1 - - [02/Jul/2022:11:50:47 +0000] "GET /static/js/main.31cf8cf5.js HTTP/1.1" 200 600307 "http://localhost:5000/" "Mozilla/5.0 (Windows NT 10.0; Win64; x64; rv:103.0) Gecko/20100101 Firefox/103.0" {"metadata":{"emulator":{"name":"hosting"},"message":"127.0.0.1 - - [02/Jul/2022:11:50:47 +0000] \"GET /static/js/main.31cf8cf5.js HTTP/1.1\" 200 600307 \"http://localhost:5000/\" \"Mozilla/5.0 (Windows NT 10.0; Win64; x64; rv:103.0) Gecko/20100101 Firefox/103.0\""}}
[info] i  hosting: 127.0.0.1 - - [02/Jul/2022:11:50:47 +0000] "GET /logo192.png HTTP/1.1" 200 5347 "http://localhost:5000/" "Mozilla/5.0 (Windows NT 10.0; Win64; x64; rv:103.0) Gecko/20100101 Firefox/103.0" {"metadata":{"emulator":{"name":"hosting"},"message":"127.0.0.1 - - [02/Jul/2022:11:50:47 +0000] \"GET /logo192.png HTTP/1.1\" 200 5347 \"http://localhost:5000/\" \"Mozilla/5.0 (Windows NT 10.0; Win64; x64; rv:103.0) Gecko/20100101 Firefox/103.0\""}}
[info] i  hosting: 127.0.0.1 - - [02/Jul/2022:11:50:47 +0000] "GET /favicon.ico HTTP/1.1" 200 3870 "http://localhost:5000/" "Mozilla/5.0 (Windows NT 10.0; Win64; x64; rv:103.0) Gecko/20100101 Firefox/103.0" {"metadata":{"emulator":{"name":"hosting"},"message":"127.0.0.1 - - [02/Jul/2022:11:50:47 +0000] \"GET /favicon.ico HTTP/1.1\" 200 3870 \"http://localhost:5000/\" \"Mozilla/5.0 (Windows NT 10.0; Win64; x64; rv:103.0) Gecko/20100101 Firefox/103.0\""}}
[info] i  hosting: 127.0.0.1 - - [02/Jul/2022:11:51:47 +0000] "GET / HTTP/1.1" 200 850 "-" "Mozilla/5.0 (Windows NT 10.0; Win64; x64; rv:103.0) Gecko/20100101 Firefox/103.0" {"metadata":{"emulator":{"name":"hosting"},"message":"127.0.0.1 - - [02/Jul/2022:11:51:47 +0000] \"GET / HTTP/1.1\" 200 850 \"-\" \"Mozilla/5.0 (Windows NT 10.0; Win64; x64; rv:103.0) Gecko/20100101 Firefox/103.0\""}}
[debug] [2022-07-02T11:52:17.132Z] Functions emulator received unknown request at path /
[debug] [2022-07-02T11:52:45.613Z] File C:\Users\hkaga\Desktop\repos\frontend\react\amazon-clone-fullstack\amazon-clone\functions\index.js changed, reloading triggers {"metadata":{"emulator":{"name":"functions"},"message":"File C:\\Users\\hkaga\\Desktop\\repos\\frontend\\react\\amazon-clone-fullstack\\amazon-clone\\functions\\index.js changed, reloading triggers"}}
[debug] [2022-07-02T11:52:46.619Z] Validating nodejs source
[debug] [2022-07-02T11:52:48.855Z] > [functions] package.json contents: {
  "name": "functions",
  "description": "Cloud Functions for Firebase",
  "scripts": {
    "lint": "eslint .",
    "serve": "firebase emulators:start --only functions",
    "shell": "firebase functions:shell",
    "start": "npm run shell",
    "deploy": "firebase deploy --only functions",
    "logs": "firebase functions:log"
  },
  "engines": {
    "node": "16"
  },
  "main": "index.js",
  "dependencies": {
    "cors": "^2.8.5",
    "express": "^4.18.1",
    "firebase-admin": "^10.0.2",
    "firebase-functions": "^3.18.0",
    "stripe": "^9.11.0"
  },
  "devDependencies": {
    "eslint": "^8.9.0",
    "eslint-config-google": "^0.14.0",
    "firebase-functions-test": "^0.2.0"
  },
  "private": true
}
[debug] [2022-07-02T11:52:48.855Z] Building nodejs source
[debug] [2022-07-02T11:52:48.855Z] Analyzing nodejs backend spec
[debug] [2022-07-02T11:52:48.855Z] Could not find functions.yaml. Must use http discovery
[debug] [2022-07-02T11:52:48.864Z] Functions emulator received unknown request at path /
[debug] [2022-07-02T11:52:49.110Z] Serving at port 9005

[debug] [2022-07-02T11:52:49.232Z] undefined

[debug] [2022-07-02T11:52:49.236Z] Got response from /__/functions.yaml {"endpoints":{"api":{"platform":"gcfv1","httpsTrigger":{},"entryPoint":"api"}},"specVersion":"v1alpha1","requiredAPIs":[]}
[debug] [2022-07-02T11:52:49.242Z] shutdown requested via /__/quitquitquit

[debug] [2022-07-02T11:53:27.038Z] [work-queue] {"queueLength":1,"workRunningCount":0}
[debug] [2022-07-02T11:53:27.038Z] [work-queue] {"queueLength":0,"workRunningCount":1}
[debug] [2022-07-02T11:53:27.038Z] Accepted request GET /clone-2b9d7/us-central1/api --> us-central1-api
[info] i  functions: Loaded environment variables from .env. 
[debug] [2022-07-02T11:53:27.052Z] [worker-pool] addWorker(us-central1-api) {"metadata":{"emulator":{"name":"functions"},"message":"[worker-pool] addWorker(us-central1-api)"}}
[debug] [2022-07-02T11:53:27.053Z] [worker-pool] Adding worker with key us-central1-api, total=1 {"metadata":{"emulator":{"name":"functions"},"message":"[worker-pool] Adding worker with key us-central1-api, total=1"}}
[debug] [2022-07-02T11:53:27.053Z] [worker-pool] submitWork(triggerId=us-central1-api) {"metadata":{"emulator":{"name":"functions"},"message":"[worker-pool] submitWork(triggerId=us-central1-api)"}}
[debug] [2022-07-02T11:53:27.053Z] [worker-us-central1-api-c4012bed-218c-4d83-a767-9e4bb7e22186]: Assigning socketPath: \\?\pipe\C:\Users\hkaga\Desktop\repos\frontend\react\amazon-clone-fullstack\amazon-clone\functions\1164 {"metadata":{"emulator":{"name":"functions"},"message":"[worker-us-central1-api-c4012bed-218c-4d83-a767-9e4bb7e22186]: Assigning socketPath: \\\\?\\pipe\\C:\\Users\\hkaga\\Desktop\\repos\\frontend\\react\\amazon-clone-fullstack\\amazon-clone\\functions\\1164"}}
[debug] [2022-07-02T11:53:27.054Z] [worker-us-central1-api-c4012bed-218c-4d83-a767-9e4bb7e22186]: BUSY {"metadata":{"emulator":{"name":"functions"},"message":"[worker-us-central1-api-c4012bed-218c-4d83-a767-9e4bb7e22186]: BUSY"}}
[debug] [2022-07-02T11:53:28.237Z] [runtime-status] [1164] Functions runtime initialized. {"cwd":"C:\\Users\\hkaga\\Desktop\\repos\\frontend\\react\\amazon-clone-fullstack\\amazon-clone\\functions","node_version":"16.14.0"} {"metadata":{"emulator":{"name":"functions"},"function":{"name":"us-central1-api"},"extension":{},"message":"[runtime-status] [1164] Functions runtime initialized. {\"cwd\":\"C:\\\\Users\\\\hkaga\\\\Desktop\\\\repos\\\\frontend\\\\react\\\\amazon-clone-fullstack\\\\amazon-clone\\\\functions\",\"node_version\":\"16.14.0\"}"}}
[debug] [2022-07-02T11:53:28.238Z] [runtime-status] [1164] Disabled runtime features: undefined {"metadata":{"emulator":{"name":"functions"},"function":{"name":"us-central1-api"},"extension":{},"message":"[runtime-status] [1164] Disabled runtime features: undefined"}}
[debug] [2022-07-02T11:53:28.243Z] [runtime-status] [1164] Resolved module firebase-admin {"declared":true,"installed":true,"version":"10.3.0","resolution":"C:\\Users\\hkaga\\Desktop\\repos\\frontend\\react\\amazon-clone-fullstack\\amazon-clone\\functions\\node_modules\\firebase-admin\\lib\\index.js"} {"metadata":{"emulator":{"name":"functions"},"function":{"name":"us-central1-api"},"extension":{},"message":"[runtime-status] [1164] Resolved module firebase-admin {\"declared\":true,\"installed\":true,\"version\":\"10.3.0\",\"resolution\":\"C:\\\\Users\\\\hkaga\\\\Desktop\\\\repos\\\\frontend\\\\react\\\\amazon-clone-fullstack\\\\amazon-clone\\\\functions\\\\node_modules\\\\firebase-admin\\\\lib\\\\index.js\"}"}}
[debug] [2022-07-02T11:53:28.244Z] [runtime-status] [1164] Resolved module firebase-functions {"declared":true,"installed":true,"version":"3.22.0","resolution":"C:\\Users\\hkaga\\Desktop\\repos\\frontend\\react\\amazon-clone-fullstack\\amazon-clone\\functions\\node_modules\\firebase-functions\\lib\\index.js"} {"metadata":{"emulator":{"name":"functions"},"function":{"name":"us-central1-api"},"extension":{},"message":"[runtime-status] [1164] Resolved module firebase-functions {\"declared\":true,\"installed\":true,\"version\":\"3.22.0\",\"resolution\":\"C:\\\\Users\\\\hkaga\\\\Desktop\\\\repos\\\\frontend\\\\react\\\\amazon-clone-fullstack\\\\amazon-clone\\\\functions\\\\node_modules\\\\firebase-functions\\\\lib\\\\index.js\"}"}}
[debug] [2022-07-02T11:53:28.245Z] [runtime-status] [1164] Outgoing network have been stubbed. [{"name":"http","status":"mocked"},{"name":"http","status":"mocked"},{"name":"https","status":"mocked"},{"name":"https","status":"mocked"},{"name":"net","status":"mocked"}] {"metadata":{"emulator":{"name":"functions"},"function":{"name":"us-central1-api"},"extension":{},"message":"[runtime-status] [1164] Outgoing network have been stubbed. [{\"name\":\"http\",\"status\":\"mocked\"},{\"name\":\"http\",\"status\":\"mocked\"},{\"name\":\"https\",\"status\":\"mocked\"},{\"name\":\"https\",\"status\":\"mocked\"},{\"name\":\"net\",\"status\":\"mocked\"}]"}}
[debug] [2022-07-02T11:53:28.245Z] [runtime-status] [1164] Resolved module firebase-functions {"declared":true,"installed":true,"version":"3.22.0","resolution":"C:\\Users\\hkaga\\Desktop\\repos\\frontend\\react\\amazon-clone-fullstack\\amazon-clone\\functions\\node_modules\\firebase-functions\\lib\\index.js"} {"metadata":{"emulator":{"name":"functions"},"function":{"name":"us-central1-api"},"extension":{},"message":"[runtime-status] [1164] Resolved module firebase-functions {\"declared\":true,\"installed\":true,\"version\":\"3.22.0\",\"resolution\":\"C:\\\\Users\\\\hkaga\\\\Desktop\\\\repos\\\\frontend\\\\react\\\\amazon-clone-fullstack\\\\amazon-clone\\\\functions\\\\node_modules\\\\firebase-functions\\\\lib\\\\index.js\"}"}}
[debug] [2022-07-02T11:53:28.295Z] [runtime-status] [1164] Checked functions.config() {"config":{}} {"metadata":{"emulator":{"name":"functions"},"function":{"name":"us-central1-api"},"extension":{},"message":"[runtime-status] [1164] Checked functions.config() {\"config\":{}}"}}
[debug] [2022-07-02T11:53:28.296Z] [runtime-status] [1164] firebase-functions has been stubbed. {"functionsResolution":{"declared":true,"installed":true,"version":"3.22.0","resolution":"C:\\Users\\hkaga\\Desktop\\repos\\frontend\\react\\amazon-clone-fullstack\\amazon-clone\\functions\\node_modules\\firebase-functions\\lib\\index.js"}} {"metadata":{"emulator":{"name":"functions"},"function":{"name":"us-central1-api"},"extension":{},"message":"[runtime-status] [1164] firebase-functions has been stubbed. {\"functionsResolution\":{\"declared\":true,\"installed\":true,\"version\":\"3.22.0\",\"resolution\":\"C:\\\\Users\\\\hkaga\\\\Desktop\\\\repos\\\\frontend\\\\react\\\\amazon-clone-fullstack\\\\amazon-clone\\\\functions\\\\node_modules\\\\firebase-functions\\\\lib\\\\index.js\"}}"}}
[debug] [2022-07-02T11:53:28.297Z] [runtime-status] [1164] Resolved module firebase-functions {"declared":true,"installed":true,"version":"3.22.0","resolution":"C:\\Users\\hkaga\\Desktop\\repos\\frontend\\react\\amazon-clone-fullstack\\amazon-clone\\functions\\node_modules\\firebase-functions\\lib\\index.js"} {"metadata":{"emulator":{"name":"functions"},"function":{"name":"us-central1-api"},"extension":{},"message":"[runtime-status] [1164] Resolved module firebase-functions {\"declared\":true,\"installed\":true,\"version\":\"3.22.0\",\"resolution\":\"C:\\\\Users\\\\hkaga\\\\Desktop\\\\repos\\\\frontend\\\\react\\\\amazon-clone-fullstack\\\\amazon-clone\\\\functions\\\\node_modules\\\\firebase-functions\\\\lib\\\\index.js\"}"}}
[debug] [2022-07-02T11:53:28.298Z] [runtime-status] [1164] Resolved module firebase-admin {"declared":true,"installed":true,"version":"10.3.0","resolution":"C:\\Users\\hkaga\\Desktop\\repos\\frontend\\react\\amazon-clone-fullstack\\amazon-clone\\functions\\node_modules\\firebase-admin\\lib\\index.js"} {"metadata":{"emulator":{"name":"functions"},"function":{"name":"us-central1-api"},"extension":{},"message":"[runtime-status] [1164] Resolved module firebase-admin {\"declared\":true,\"installed\":true,\"version\":\"10.3.0\",\"resolution\":\"C:\\\\Users\\\\hkaga\\\\Desktop\\\\repos\\\\frontend\\\\react\\\\amazon-clone-fullstack\\\\amazon-clone\\\\functions\\\\node_modules\\\\firebase-admin\\\\lib\\\\index.js\"}"}}
[debug] [2022-07-02T11:53:28.299Z] [runtime-status] [1164] Resolved module firebase-functions {"declared":true,"installed":true,"version":"3.22.0","resolution":"C:\\Users\\hkaga\\Desktop\\repos\\frontend\\react\\amazon-clone-fullstack\\amazon-clone\\functions\\node_modules\\firebase-functions\\lib\\index.js"} {"metadata":{"emulator":{"name":"functions"},"function":{"name":"us-central1-api"},"extension":{},"message":"[runtime-status] [1164] Resolved module firebase-functions {\"declared\":true,\"installed\":true,\"version\":\"3.22.0\",\"resolution\":\"C:\\\\Users\\\\hkaga\\\\Desktop\\\\repos\\\\frontend\\\\react\\\\amazon-clone-fullstack\\\\amazon-clone\\\\functions\\\\node_modules\\\\firebase-functions\\\\lib\\\\index.js\"}"}}
[debug] [2022-07-02T11:53:28.299Z] [runtime-status] [1164] firebase-admin has been stubbed. {"adminResolution":{"declared":true,"installed":true,"version":"10.3.0","resolution":"C:\\Users\\hkaga\\Desktop\\repos\\frontend\\react\\amazon-clone-fullstack\\amazon-clone\\functions\\node_modules\\firebase-admin\\lib\\index.js"}} {"metadata":{"emulator":{"name":"functions"},"function":{"name":"us-central1-api"},"extension":{},"message":"[runtime-status] [1164] firebase-admin has been stubbed. {\"adminResolution\":{\"declared\":true,\"installed\":true,\"version\":\"10.3.0\",\"resolution\":\"C:\\\\Users\\\\hkaga\\\\Desktop\\\\repos\\\\frontend\\\\react\\\\amazon-clone-fullstack\\\\amazon-clone\\\\functions\\\\node_modules\\\\firebase-admin\\\\lib\\\\index.js\"}}"}}
[info] >  sk_test_51LGtsAJ3wgzQ33d6ldBZbGJKkIbAdEM2aDpudHjcH67YE0Nq2XoPAwjPggtk5K2muvyDSAvBKCOMe1uUQPzXSTms00XuZeSzVT {"user":"sk_test_51LGtsAJ3wgzQ33d6ldBZbGJKkIbAdEM2aDpudHjcH67YE0Nq2XoPAwjPggtk5K2muvyDSAvBKCOMe1uUQPzXSTms00XuZeSzVT","metadata":{"emulator":{"name":"functions"},"function":{"name":"us-central1-api"},"extension":{},"message":"\u001b[90m> \u001b[39m sk_test_51LGtsAJ3wgzQ33d6ldBZbGJKkIbAdEM2aDpudHjcH67YE0Nq2XoPAwjPggtk5K2muvyDSAvBKCOMe1uUQPzXSTms00XuZeSzVT"}}
[debug] [2022-07-02T11:53:28.473Z] [runtime-status] [1164] Beginning invocation function api! {"metadata":{"emulator":{"name":"functions"},"function":{"name":"us-central1-api"},"extension":{},"message":"[runtime-status] [1164] Beginning invocation function api!"}}
[info] i  functions: Beginning execution of "api" {"metadata":{"emulator":{"name":"functions"},"function":{"name":"us-central1-api"},"extension":{},"message":"Beginning execution of \"api\""}}
[debug] [2022-07-02T11:53:28.476Z] [runtime-status] [1164] Running api in signature http {"metadata":{"emulator":{"name":"functions"},"function":{"name":"us-central1-api"},"extension":{},"message":"[runtime-status] [1164] Running api in signature http"}}
[debug] [2022-07-02T11:53:28.480Z] [runtime-status] [1164] Attempting to listen to socketPath: \\?\pipe\C:\Users\hkaga\Desktop\repos\frontend\react\amazon-clone-fullstack\amazon-clone\functions\1164 {"metadata":{"emulator":{"name":"functions"},"function":{"name":"us-central1-api"},"extension":{},"message":"[runtime-status] [1164] Attempting to listen to socketPath: \\\\?\\pipe\\C:\\Users\\hkaga\\Desktop\\repos\\frontend\\react\\amazon-clone-fullstack\\amazon-clone\\functions\\1164"}}
[debug] [2022-07-02T11:53:28.489Z] [functions] Runtime ready! Sending request! {"metadata":{"emulator":{"name":"functions"},"message":"[functions] Runtime ready! Sending request!"}}
[debug] [2022-07-02T11:53:28.489Z] [functions] Got req.url=/clone-2b9d7/us-central1/api, mapping to path=/ {"metadata":{"emulator":{"name":"functions"},"message":"[functions] Got req.url=/clone-2b9d7/us-central1/api, mapping to path=/"}}
[debug] [2022-07-02T11:53:28.505Z] [runtime-status] [1164] Ephemeral server handling GET request {"metadata":{"emulator":{"name":"functions"},"function":{"name":"us-central1-api"},"extension":{},"message":"[runtime-status] [1164] Ephemeral server handling GET request"}}
[debug] [2022-07-02T11:53:28.526Z] [runtime-status] [1164] Ephemeral server survived. {"metadata":{"emulator":{"name":"functions"},"function":{"name":"us-central1-api"},"extension":{},"message":"[runtime-status] [1164] Ephemeral server survived."}}
[info] i  functions: Finished "api" in ~1s {"metadata":{"emulator":{"name":"functions"},"function":{"name":"us-central1-api"},"extension":{},"message":"Finished \"api\" in ~1s"}}
[debug] [2022-07-02T11:53:28.544Z] [worker-us-central1-api-c4012bed-218c-4d83-a767-9e4bb7e22186]: IDLE {"metadata":{"emulator":{"name":"functions"},"message":"[worker-us-central1-api-c4012bed-218c-4d83-a767-9e4bb7e22186]: IDLE"}}
[debug] [2022-07-02T11:53:28.544Z] [work-queue] {"queueLength":0,"workRunningCount":0}
[debug] [2022-07-02T11:53:36.597Z] Received signal SIGHUP 1
