[debug] [2022-07-02T14:19:46.359Z] ----------------------------------------------------------------------
[debug] [2022-07-02T14:19:46.361Z] Command:       C:\Program Files\nodejs\node.exe C:\Users\hkaga\AppData\Roaming\npm\node_modules\firebase-tools\lib\bin\firebase.js emulators:start
[debug] [2022-07-02T14:19:46.361Z] CLI Version:   11.1.0
[debug] [2022-07-02T14:19:46.361Z] Platform:      win32
[debug] [2022-07-02T14:19:46.361Z] Node Version:  v16.14.0
[debug] [2022-07-02T14:19:46.362Z] Time:          Sat Jul 02 2022 17:19:46 GMT+0300 (GMT+03:00)
[debug] [2022-07-02T14:19:46.363Z] ----------------------------------------------------------------------
[debug] 
[debug] [2022-07-02T14:19:46.422Z] > command requires scopes: ["email","openid","https://www.googleapis.com/auth/cloudplatformprojects.readonly","https://www.googleapis.com/auth/firebase","https://www.googleapis.com/auth/cloud-platform"]
[debug] [2022-07-02T14:19:46.422Z] > authorizing via signed-in user (hkagandnc@gmail.com)
[info] i  emulators: Starting emulators: functions, hosting {"metadata":{"emulator":{"name":"hub"},"message":"Starting emulators: functions, hosting"}}
[debug] [2022-07-02T14:19:46.445Z] [hub] writing locator at C:\Users\hkaga\AppData\Local\Temp\hub-clone-2b9d7.json
[warn] !  functions: The following emulators are not running, calls to these services from the Functions emulator will affect production: auth, firestore, database, pubsub, storage {"metadata":{"emulator":{"name":"functions"},"message":"The following emulators are not running, calls to these services from the Functions emulator will affect production: \u001b[1mauth, firestore, database, pubsub, storage\u001b[22m"}}
[info] +  functions: Using node@16 from host. {"metadata":{"emulator":{"name":"functions"},"message":"Using node@16 from host."}}
[debug] [2022-07-02T14:19:46.488Z] defaultcredentials: writing to file C:\Users\hkaga\AppData\Roaming\firebase\hkagandnc_gmail_com_application_default_credentials.json
[debug] [2022-07-02T14:19:46.490Z] Setting GAC to C:\Users\hkaga\AppData\Roaming\firebase\hkagandnc_gmail_com_application_default_credentials.json {"metadata":{"emulator":{"name":"functions"},"message":"Setting GAC to C:\\Users\\hkaga\\AppData\\Roaming\\firebase\\hkagandnc_gmail_com_application_default_credentials.json"}}
[debug] [2022-07-02T14:19:46.492Z] >>> [apiv2][query] GET https://firebase.googleapis.com/v1beta1/projects/clone-2b9d7/adminSdkConfig [none]
[debug] [2022-07-02T14:19:46.831Z] <<< [apiv2][status] GET https://firebase.googleapis.com/v1beta1/projects/clone-2b9d7/adminSdkConfig 200
[debug] [2022-07-02T14:19:46.831Z] <<< [apiv2][body] GET https://firebase.googleapis.com/v1beta1/projects/clone-2b9d7/adminSdkConfig {"projectId":"clone-2b9d7","storageBucket":"clone-2b9d7.appspot.com"}
[debug] [2022-07-02T14:19:46.839Z] >>> [apiv2][query] GET https://firebasehosting.googleapis.com/v1beta1/projects/clone-2b9d7/sites 
[debug] [2022-07-02T14:19:48.000Z] <<< [apiv2][status] GET https://firebasehosting.googleapis.com/v1beta1/projects/clone-2b9d7/sites 200
[debug] [2022-07-02T14:19:48.000Z] <<< [apiv2][body] GET https://firebasehosting.googleapis.com/v1beta1/projects/clone-2b9d7/sites {"sites":[{"name":"projects/clone-2b9d7/sites/clone-2b9d7","defaultUrl":"https://clone-2b9d7.web.app","appId":"1:1020091254293:web:50bfe4633dc9f8acad701c","type":"DEFAULT_SITE"}]}
[debug] [2022-07-02T14:19:48.001Z] >>> [apiv2][query] GET https://firebase.googleapis.com/v1beta1/projects/clone-2b9d7/webApps/1:1020091254293:web:50bfe4633dc9f8acad701c/config [none]
[debug] [2022-07-02T14:19:48.912Z] <<< [apiv2][status] GET https://firebase.googleapis.com/v1beta1/projects/clone-2b9d7/webApps/1:1020091254293:web:50bfe4633dc9f8acad701c/config 200
[debug] [2022-07-02T14:19:48.913Z] <<< [apiv2][body] GET https://firebase.googleapis.com/v1beta1/projects/clone-2b9d7/webApps/1:1020091254293:web:50bfe4633dc9f8acad701c/config {"projectId":"clone-2b9d7","appId":"1:1020091254293:web:50bfe4633dc9f8acad701c","storageBucket":"clone-2b9d7.appspot.com","apiKey":"AIzaSyA_2le4vJ6ODxocUowIVcxbPm4cPTX_GWY","authDomain":"clone-2b9d7.firebaseapp.com","messagingSenderId":"1020091254293"}
[info] i  hosting: Serving hosting files from: build {"metadata":{"emulator":{"name":"hosting"},"message":"Serving hosting files from: \u001b[1mbuild\u001b[22m"}}
[info] +  hosting: Local server: http://localhost:5000 {"metadata":{"emulator":{"name":"hosting"},"message":"Local server: \u001b[4m\u001b[1mhttp://localhost:5000\u001b[22m\u001b[24m"}}
[debug] [2022-07-02T14:19:48.935Z] Ignoring unsupported arg: auto_download {"metadata":{"emulator":{"name":"ui"},"message":"Ignoring unsupported arg: auto_download"}}
[debug] [2022-07-02T14:19:48.935Z] Ignoring unsupported arg: port {"metadata":{"emulator":{"name":"ui"},"message":"Ignoring unsupported arg: port"}}
[debug] [2022-07-02T14:19:48.935Z] Starting Emulator UI with command {"binary":"node","args":["--dns-result-order=ipv4first","C:\\Users\\hkaga\\.cache\\firebase\\emulators\\ui-v1.7.0\\server.bundle.js"],"optionalArgs":[],"joinArgs":false} {"metadata":{"emulator":{"name":"ui"},"message":"Starting Emulator UI with command {\"binary\":\"node\",\"args\":[\"--dns-result-order=ipv4first\",\"C:\\\\Users\\\\hkaga\\\\.cache\\\\firebase\\\\emulators\\\\ui-v1.7.0\\\\server.bundle.js\"],\"optionalArgs\":[],\"joinArgs\":false}"}}
[info] i  ui: Emulator UI logging to ui-debug.log {"metadata":{"emulator":{"name":"ui"},"message":"Emulator UI logging to \u001b[1mui-debug.log\u001b[22m"}}
[debug] [2022-07-02T14:19:49.058Z] Web / API server started at localhost:4000
 {"metadata":{"emulator":{"name":"ui"},"message":"Web / API server started at localhost:4000\n"}}
[info] i  functions: Watching "C:\Users\hkaga\Desktop\repos\frontend\react\amazon-clone-fullstack\amazon-clone\functions" for Cloud Functions... {"metadata":{"emulator":{"name":"functions"},"message":"Watching \"C:\\Users\\hkaga\\Desktop\\repos\\frontend\\react\\amazon-clone-fullstack\\amazon-clone\\functions\" for Cloud Functions..."}}
[debug] [2022-07-02T14:19:49.207Z] Validating nodejs source
[debug] [2022-07-02T14:19:52.099Z] > [functions] package.json contents: {
  "name": "functions",
  "description": "Cloud Functions for Firebase",
  "scripts": {
    "lint": "eslint .",
    "serve": "firebase emulators:start --only functions",
    "shell": "firebase functions:shell",
    "start": "npm run shell",
    "deploy": "firebase deploy --only functions",
    "logs": "firebase functions:log"
  },
  "engines": {
    "node": "16"
  },
  "main": "index.js",
  "dependencies": {
    "cors": "^2.8.5",
    "express": "^4.18.1",
    "firebase-admin": "^10.0.2",
    "firebase-functions": "^3.18.0",
    "stripe": "^9.11.0"
  },
  "devDependencies": {
    "eslint": "^8.9.0",
    "eslint-config-google": "^0.14.0",
    "firebase-functions-test": "^0.2.0"
  },
  "private": true
}
[debug] [2022-07-02T14:19:52.099Z] Building nodejs source
[debug] [2022-07-02T14:19:52.099Z] Analyzing nodejs backend spec
[debug] [2022-07-02T14:19:52.101Z] Could not find functions.yaml. Must use http discovery
[debug] [2022-07-02T14:19:52.336Z] Serving at port 9005

[debug] [2022-07-02T14:19:52.466Z] Got response from /__/functions.yaml {"endpoints":{"api":{"platform":"gcfv1","httpsTrigger":{},"entryPoint":"api"}},"specVersion":"v1alpha1","requiredAPIs":[]}
[debug] [2022-07-02T14:19:52.474Z] shutdown requested via /__/quitquitquit

[info] +  functions[us-central1-api]: http function initialized (http://localhost:5001/clone-2b9d7/us-central1/api). {"metadata":{"emulator":{"name":"functions"},"message":"\u001b[1mhttp\u001b[22m function initialized (http://localhost:5001/clone-2b9d7/us-central1/api)."}}
[info] 
┌─────────────────────────────────────────────────────────────┐
│ ✔  All emulators ready! It is now safe to connect your app. │
│ i  View Emulator UI at http://localhost:4000                │
└─────────────────────────────────────────────────────────────┘

┌───────────┬────────────────┬─────────────────────────────────┐
│ Emulator  │ Host:Port      │ View in Emulator UI             │
├───────────┼────────────────┼─────────────────────────────────┤
│ Functions │ localhost:5001 │ http://localhost:4000/functions │
├───────────┼────────────────┼─────────────────────────────────┤
│ Hosting   │ localhost:5000 │ n/a                             │
└───────────┴────────────────┴─────────────────────────────────┘
  Emulator Hub running at localhost:4400
  Other reserved ports: 4500

Issues? Report them at https://github.com/firebase/firebase-tools/issues and attach the *-debug.log files.
 
[info] i  hosting: 127.0.0.1 - - [02/Jul/2022:14:19:59 +0000] "GET / HTTP/1.1" 200 850 "-" "Mozilla/5.0 (Windows NT 10.0; Win64; x64; rv:103.0) Gecko/20100101 Firefox/103.0" {"metadata":{"emulator":{"name":"hosting"},"message":"127.0.0.1 - - [02/Jul/2022:14:19:59 +0000] \"GET / HTTP/1.1\" 200 850 \"-\" \"Mozilla/5.0 (Windows NT 10.0; Win64; x64; rv:103.0) Gecko/20100101 Firefox/103.0\""}}
[info] i  hosting: 127.0.0.1 - - [02/Jul/2022:14:19:59 +0000] "GET /static/css/main.bdf6a0a5.css HTTP/1.1" 200 4772 "http://localhost:5000/" "Mozilla/5.0 (Windows NT 10.0; Win64; x64; rv:103.0) Gecko/20100101 Firefox/103.0" {"metadata":{"emulator":{"name":"hosting"},"message":"127.0.0.1 - - [02/Jul/2022:14:19:59 +0000] \"GET /static/css/main.bdf6a0a5.css HTTP/1.1\" 200 4772 \"http://localhost:5000/\" \"Mozilla/5.0 (Windows NT 10.0; Win64; x64; rv:103.0) Gecko/20100101 Firefox/103.0\""}}
[info] i  hosting: 127.0.0.1 - - [02/Jul/2022:14:19:59 +0000] "GET /static/js/main.ad88e55e.js HTTP/1.1" 200 649299 "http://localhost:5000/" "Mozilla/5.0 (Windows NT 10.0; Win64; x64; rv:103.0) Gecko/20100101 Firefox/103.0" {"metadata":{"emulator":{"name":"hosting"},"message":"127.0.0.1 - - [02/Jul/2022:14:19:59 +0000] \"GET /static/js/main.ad88e55e.js HTTP/1.1\" 200 649299 \"http://localhost:5000/\" \"Mozilla/5.0 (Windows NT 10.0; Win64; x64; rv:103.0) Gecko/20100101 Firefox/103.0\""}}
[info] i  hosting: 127.0.0.1 - - [02/Jul/2022:14:19:59 +0000] "GET /logo192.png HTTP/1.1" - - "http://localhost:5000/" "Mozilla/5.0 (Windows NT 10.0; Win64; x64; rv:103.0) Gecko/20100101 Firefox/103.0" {"metadata":{"emulator":{"name":"hosting"},"message":"127.0.0.1 - - [02/Jul/2022:14:19:59 +0000] \"GET /logo192.png HTTP/1.1\" - - \"http://localhost:5000/\" \"Mozilla/5.0 (Windows NT 10.0; Win64; x64; rv:103.0) Gecko/20100101 Firefox/103.0\""}}
[info] i  hosting: 127.0.0.1 - - [02/Jul/2022:14:19:59 +0000] "GET /favicon.ico HTTP/1.1" - - "http://localhost:5000/" "Mozilla/5.0 (Windows NT 10.0; Win64; x64; rv:103.0) Gecko/20100101 Firefox/103.0" {"metadata":{"emulator":{"name":"hosting"},"message":"127.0.0.1 - - [02/Jul/2022:14:19:59 +0000] \"GET /favicon.ico HTTP/1.1\" - - \"http://localhost:5000/\" \"Mozilla/5.0 (Windows NT 10.0; Win64; x64; rv:103.0) Gecko/20100101 Firefox/103.0\""}}
[debug] [2022-07-02T14:20:16.334Z] [work-queue] {"queueLength":1,"workRunningCount":0}
[debug] [2022-07-02T14:20:16.335Z] [work-queue] {"queueLength":0,"workRunningCount":1}
[debug] [2022-07-02T14:20:16.335Z] Accepted request POST /clone-2b9d7/us-central1/api/payments/create?total=11998 --> us-central1-api
[info] i  functions: Loaded environment variables from .env. 
[debug] [2022-07-02T14:20:16.356Z] [worker-pool] addWorker(us-central1-api) {"metadata":{"emulator":{"name":"functions"},"message":"[worker-pool] addWorker(us-central1-api)"}}
[debug] [2022-07-02T14:20:16.357Z] [worker-pool] Adding worker with key us-central1-api, total=1 {"metadata":{"emulator":{"name":"functions"},"message":"[worker-pool] Adding worker with key us-central1-api, total=1"}}
[debug] [2022-07-02T14:20:16.358Z] [worker-pool] submitWork(triggerId=us-central1-api) {"metadata":{"emulator":{"name":"functions"},"message":"[worker-pool] submitWork(triggerId=us-central1-api)"}}
[debug] [2022-07-02T14:20:16.358Z] [worker-us-central1-api-bace97e6-47c0-4477-a0e6-85015917ee14]: Assigning socketPath: \\?\pipe\C:\Users\hkaga\Desktop\repos\frontend\react\amazon-clone-fullstack\amazon-clone\functions\13092 {"metadata":{"emulator":{"name":"functions"},"message":"[worker-us-central1-api-bace97e6-47c0-4477-a0e6-85015917ee14]: Assigning socketPath: \\\\?\\pipe\\C:\\Users\\hkaga\\Desktop\\repos\\frontend\\react\\amazon-clone-fullstack\\amazon-clone\\functions\\13092"}}
[debug] [2022-07-02T14:20:16.359Z] [worker-us-central1-api-bace97e6-47c0-4477-a0e6-85015917ee14]: BUSY {"metadata":{"emulator":{"name":"functions"},"message":"[worker-us-central1-api-bace97e6-47c0-4477-a0e6-85015917ee14]: BUSY"}}
[debug] [2022-07-02T14:20:17.725Z] [runtime-status] [13092] Functions runtime initialized. {"cwd":"C:\\Users\\hkaga\\Desktop\\repos\\frontend\\react\\amazon-clone-fullstack\\amazon-clone\\functions","node_version":"16.14.0"} {"metadata":{"emulator":{"name":"functions"},"function":{"name":"us-central1-api"},"extension":{},"message":"[runtime-status] [13092] Functions runtime initialized. {\"cwd\":\"C:\\\\Users\\\\hkaga\\\\Desktop\\\\repos\\\\frontend\\\\react\\\\amazon-clone-fullstack\\\\amazon-clone\\\\functions\",\"node_version\":\"16.14.0\"}"}}
[debug] [2022-07-02T14:20:17.726Z] [runtime-status] [13092] Disabled runtime features: undefined {"metadata":{"emulator":{"name":"functions"},"function":{"name":"us-central1-api"},"extension":{},"message":"[runtime-status] [13092] Disabled runtime features: undefined"}}
[debug] [2022-07-02T14:20:17.729Z] [runtime-status] [13092] Resolved module firebase-admin {"declared":true,"installed":true,"version":"10.3.0","resolution":"C:\\Users\\hkaga\\Desktop\\repos\\frontend\\react\\amazon-clone-fullstack\\amazon-clone\\functions\\node_modules\\firebase-admin\\lib\\index.js"} {"metadata":{"emulator":{"name":"functions"},"function":{"name":"us-central1-api"},"extension":{},"message":"[runtime-status] [13092] Resolved module firebase-admin {\"declared\":true,\"installed\":true,\"version\":\"10.3.0\",\"resolution\":\"C:\\\\Users\\\\hkaga\\\\Desktop\\\\repos\\\\frontend\\\\react\\\\amazon-clone-fullstack\\\\amazon-clone\\\\functions\\\\node_modules\\\\firebase-admin\\\\lib\\\\index.js\"}"}}
[debug] [2022-07-02T14:20:17.730Z] [runtime-status] [13092] Resolved module firebase-functions {"declared":true,"installed":true,"version":"3.22.0","resolution":"C:\\Users\\hkaga\\Desktop\\repos\\frontend\\react\\amazon-clone-fullstack\\amazon-clone\\functions\\node_modules\\firebase-functions\\lib\\index.js"} {"metadata":{"emulator":{"name":"functions"},"function":{"name":"us-central1-api"},"extension":{},"message":"[runtime-status] [13092] Resolved module firebase-functions {\"declared\":true,\"installed\":true,\"version\":\"3.22.0\",\"resolution\":\"C:\\\\Users\\\\hkaga\\\\Desktop\\\\repos\\\\frontend\\\\react\\\\amazon-clone-fullstack\\\\amazon-clone\\\\functions\\\\node_modules\\\\firebase-functions\\\\lib\\\\index.js\"}"}}
[debug] [2022-07-02T14:20:17.731Z] [runtime-status] [13092] Outgoing network have been stubbed. [{"name":"http","status":"mocked"},{"name":"http","status":"mocked"},{"name":"https","status":"mocked"},{"name":"https","status":"mocked"},{"name":"net","status":"mocked"}] {"metadata":{"emulator":{"name":"functions"},"function":{"name":"us-central1-api"},"extension":{},"message":"[runtime-status] [13092] Outgoing network have been stubbed. [{\"name\":\"http\",\"status\":\"mocked\"},{\"name\":\"http\",\"status\":\"mocked\"},{\"name\":\"https\",\"status\":\"mocked\"},{\"name\":\"https\",\"status\":\"mocked\"},{\"name\":\"net\",\"status\":\"mocked\"}]"}}
[debug] [2022-07-02T14:20:17.732Z] [runtime-status] [13092] Resolved module firebase-functions {"declared":true,"installed":true,"version":"3.22.0","resolution":"C:\\Users\\hkaga\\Desktop\\repos\\frontend\\react\\amazon-clone-fullstack\\amazon-clone\\functions\\node_modules\\firebase-functions\\lib\\index.js"} {"metadata":{"emulator":{"name":"functions"},"function":{"name":"us-central1-api"},"extension":{},"message":"[runtime-status] [13092] Resolved module firebase-functions {\"declared\":true,\"installed\":true,\"version\":\"3.22.0\",\"resolution\":\"C:\\\\Users\\\\hkaga\\\\Desktop\\\\repos\\\\frontend\\\\react\\\\amazon-clone-fullstack\\\\amazon-clone\\\\functions\\\\node_modules\\\\firebase-functions\\\\lib\\\\index.js\"}"}}
[debug] [2022-07-02T14:20:17.776Z] [runtime-status] [13092] Checked functions.config() {"config":{}} {"metadata":{"emulator":{"name":"functions"},"function":{"name":"us-central1-api"},"extension":{},"message":"[runtime-status] [13092] Checked functions.config() {\"config\":{}}"}}
[debug] [2022-07-02T14:20:17.776Z] [runtime-status] [13092] firebase-functions has been stubbed. {"functionsResolution":{"declared":true,"installed":true,"version":"3.22.0","resolution":"C:\\Users\\hkaga\\Desktop\\repos\\frontend\\react\\amazon-clone-fullstack\\amazon-clone\\functions\\node_modules\\firebase-functions\\lib\\index.js"}} {"metadata":{"emulator":{"name":"functions"},"function":{"name":"us-central1-api"},"extension":{},"message":"[runtime-status] [13092] firebase-functions has been stubbed. {\"functionsResolution\":{\"declared\":true,\"installed\":true,\"version\":\"3.22.0\",\"resolution\":\"C:\\\\Users\\\\hkaga\\\\Desktop\\\\repos\\\\frontend\\\\react\\\\amazon-clone-fullstack\\\\amazon-clone\\\\functions\\\\node_modules\\\\firebase-functions\\\\lib\\\\index.js\"}}"}}
[debug] [2022-07-02T14:20:17.777Z] [runtime-status] [13092] Resolved module firebase-functions {"declared":true,"installed":true,"version":"3.22.0","resolution":"C:\\Users\\hkaga\\Desktop\\repos\\frontend\\react\\amazon-clone-fullstack\\amazon-clone\\functions\\node_modules\\firebase-functions\\lib\\index.js"} {"metadata":{"emulator":{"name":"functions"},"function":{"name":"us-central1-api"},"extension":{},"message":"[runtime-status] [13092] Resolved module firebase-functions {\"declared\":true,\"installed\":true,\"version\":\"3.22.0\",\"resolution\":\"C:\\\\Users\\\\hkaga\\\\Desktop\\\\repos\\\\frontend\\\\react\\\\amazon-clone-fullstack\\\\amazon-clone\\\\functions\\\\node_modules\\\\firebase-functions\\\\lib\\\\index.js\"}"}}
[debug] [2022-07-02T14:20:17.779Z] [runtime-status] [13092] Resolved module firebase-admin {"declared":true,"installed":true,"version":"10.3.0","resolution":"C:\\Users\\hkaga\\Desktop\\repos\\frontend\\react\\amazon-clone-fullstack\\amazon-clone\\functions\\node_modules\\firebase-admin\\lib\\index.js"} {"metadata":{"emulator":{"name":"functions"},"function":{"name":"us-central1-api"},"extension":{},"message":"[runtime-status] [13092] Resolved module firebase-admin {\"declared\":true,\"installed\":true,\"version\":\"10.3.0\",\"resolution\":\"C:\\\\Users\\\\hkaga\\\\Desktop\\\\repos\\\\frontend\\\\react\\\\amazon-clone-fullstack\\\\amazon-clone\\\\functions\\\\node_modules\\\\firebase-admin\\\\lib\\\\index.js\"}"}}
[debug] [2022-07-02T14:20:17.779Z] [runtime-status] [13092] Resolved module firebase-functions {"declared":true,"installed":true,"version":"3.22.0","resolution":"C:\\Users\\hkaga\\Desktop\\repos\\frontend\\react\\amazon-clone-fullstack\\amazon-clone\\functions\\node_modules\\firebase-functions\\lib\\index.js"} {"metadata":{"emulator":{"name":"functions"},"function":{"name":"us-central1-api"},"extension":{},"message":"[runtime-status] [13092] Resolved module firebase-functions {\"declared\":true,\"installed\":true,\"version\":\"3.22.0\",\"resolution\":\"C:\\\\Users\\\\hkaga\\\\Desktop\\\\repos\\\\frontend\\\\react\\\\amazon-clone-fullstack\\\\amazon-clone\\\\functions\\\\node_modules\\\\firebase-functions\\\\lib\\\\index.js\"}"}}
[debug] [2022-07-02T14:20:17.779Z] [runtime-status] [13092] firebase-admin has been stubbed. {"adminResolution":{"declared":true,"installed":true,"version":"10.3.0","resolution":"C:\\Users\\hkaga\\Desktop\\repos\\frontend\\react\\amazon-clone-fullstack\\amazon-clone\\functions\\node_modules\\firebase-admin\\lib\\index.js"}} {"metadata":{"emulator":{"name":"functions"},"function":{"name":"us-central1-api"},"extension":{},"message":"[runtime-status] [13092] firebase-admin has been stubbed. {\"adminResolution\":{\"declared\":true,\"installed\":true,\"version\":\"10.3.0\",\"resolution\":\"C:\\\\Users\\\\hkaga\\\\Desktop\\\\repos\\\\frontend\\\\react\\\\amazon-clone-fullstack\\\\amazon-clone\\\\functions\\\\node_modules\\\\firebase-admin\\\\lib\\\\index.js\"}}"}}
[debug] [2022-07-02T14:20:17.945Z] [runtime-status] [13092] Beginning invocation function api! {"metadata":{"emulator":{"name":"functions"},"function":{"name":"us-central1-api"},"extension":{},"message":"[runtime-status] [13092] Beginning invocation function api!"}}
[info] i  functions: Beginning execution of "api" {"metadata":{"emulator":{"name":"functions"},"function":{"name":"us-central1-api"},"extension":{},"message":"Beginning execution of \"api\""}}
[debug] [2022-07-02T14:20:17.946Z] [runtime-status] [13092] Running api in signature http {"metadata":{"emulator":{"name":"functions"},"function":{"name":"us-central1-api"},"extension":{},"message":"[runtime-status] [13092] Running api in signature http"}}
[debug] [2022-07-02T14:20:17.948Z] [runtime-status] [13092] Attempting to listen to socketPath: \\?\pipe\C:\Users\hkaga\Desktop\repos\frontend\react\amazon-clone-fullstack\amazon-clone\functions\13092 {"metadata":{"emulator":{"name":"functions"},"function":{"name":"us-central1-api"},"extension":{},"message":"[runtime-status] [13092] Attempting to listen to socketPath: \\\\?\\pipe\\C:\\Users\\hkaga\\Desktop\\repos\\frontend\\react\\amazon-clone-fullstack\\amazon-clone\\functions\\13092"}}
[debug] [2022-07-02T14:20:17.951Z] [functions] Runtime ready! Sending request! {"metadata":{"emulator":{"name":"functions"},"message":"[functions] Runtime ready! Sending request!"}}
[debug] [2022-07-02T14:20:17.952Z] [functions] Got req.url=/clone-2b9d7/us-central1/api/payments/create?total=11998, mapping to path=/payments/create?total=11998 {"metadata":{"emulator":{"name":"functions"},"message":"[functions] Got req.url=/clone-2b9d7/us-central1/api/payments/create?total=11998, mapping to path=/payments/create?total=11998"}}
[debug] [2022-07-02T14:20:17.959Z] [runtime-status] [13092] Ephemeral server handling POST request {"metadata":{"emulator":{"name":"functions"},"function":{"name":"us-central1-api"},"extension":{},"message":"[runtime-status] [13092] Ephemeral server handling POST request"}}
[info] >  payment request received BOOOMM!!! amount >>>>  11998 {"user":"payment request received BOOOMM!!! amount >>>>  11998","metadata":{"emulator":{"name":"functions"},"function":{"name":"us-central1-api"},"extension":{},"message":"\u001b[90m> \u001b[39m payment request received BOOOMM!!! amount >>>>  11998"}}
[debug] [2022-07-02T14:20:17.972Z] [runtime-status] [13092] Ephemeral server survived. {"metadata":{"emulator":{"name":"functions"},"function":{"name":"us-central1-api"},"extension":{},"message":"[runtime-status] [13092] Ephemeral server survived."}}
[info] >  C:\Users\hkaga\Desktop\repos\frontend\react\amazon-clone-fullstack\amazon-clone\functions\index.js:37 {"user":"C:\\Users\\hkaga\\Desktop\\repos\\frontend\\react\\amazon-clone-fullstack\\amazon-clone\\functions\\index.js:37\r","metadata":{"emulator":{"name":"functions"},"function":{"name":"us-central1-api"},"extension":{},"message":"\u001b[90m> \u001b[39m C:\\Users\\hkaga\\Desktop\\repos\\frontend\\react\\amazon-clone-fullstack\\amazon-clone\\functions\\index.js:37\r"}}
[info] >  	response.status(201).json({ {"user":"\tresponse.status(201).json({\r","metadata":{"emulator":{"name":"functions"},"function":{"name":"us-central1-api"},"extension":{},"message":"\u001b[90m> \u001b[39m \tresponse.status(201).json({\r"}}
[info] >  	^ {"user":"\t^\r","metadata":{"emulator":{"name":"functions"},"function":{"name":"us-central1-api"},"extension":{},"message":"\u001b[90m> \u001b[39m \t^\r"}}
[info] >   {"user":"\r","metadata":{"emulator":{"name":"functions"},"function":{"name":"us-central1-api"},"extension":{},"message":"\u001b[90m> \u001b[39m \r"}}
[info] >  ReferenceError: response is not defined {"user":"ReferenceError: response is not defined\r","metadata":{"emulator":{"name":"functions"},"function":{"name":"us-central1-api"},"extension":{},"message":"\u001b[90m> \u001b[39m ReferenceError: response is not defined\r"}}
[info] >      at C:\Users\hkaga\Desktop\repos\frontend\react\amazon-clone-fullstack\amazon-clone\functions\index.js:37:2 {"user":"    at C:\\Users\\hkaga\\Desktop\\repos\\frontend\\react\\amazon-clone-fullstack\\amazon-clone\\functions\\index.js:37:2\r","metadata":{"emulator":{"name":"functions"},"function":{"name":"us-central1-api"},"extension":{},"message":"\u001b[90m> \u001b[39m     at C:\\Users\\hkaga\\Desktop\\repos\\frontend\\react\\amazon-clone-fullstack\\amazon-clone\\functions\\index.js:37:2\r"}}
[info] >      at processTicksAndRejections (node:internal/process/task_queues:96:5) {"user":"    at processTicksAndRejections (node:internal/process/task_queues:96:5)\r","metadata":{"emulator":{"name":"functions"},"function":{"name":"us-central1-api"},"extension":{},"message":"\u001b[90m> \u001b[39m     at processTicksAndRejections (node:internal/process/task_queues:96:5)\r"}}
[debug] [2022-07-02T14:20:18.732Z] [worker-us-central1-api-bace97e6-47c0-4477-a0e6-85015917ee14]: exited {"metadata":{"emulator":{"name":"functions"},"message":"[worker-us-central1-api-bace97e6-47c0-4477-a0e6-85015917ee14]: exited"}}
[debug] [2022-07-02T14:20:18.733Z] [worker-us-central1-api-bace97e6-47c0-4477-a0e6-85015917ee14]: FINISHED {"metadata":{"emulator":{"name":"functions"},"message":"[worker-us-central1-api-bace97e6-47c0-4477-a0e6-85015917ee14]: FINISHED"}}
[debug] [2022-07-02T14:20:18.733Z] [work-queue] {"queueLength":0,"workRunningCount":0}
[debug] [2022-07-02T14:20:50.674Z] [work-queue] {"queueLength":1,"workRunningCount":0}
[debug] [2022-07-02T14:20:50.674Z] [work-queue] {"queueLength":0,"workRunningCount":1}
[debug] [2022-07-02T14:20:50.674Z] Accepted request GET /clone-2b9d7/us-central1/api --> us-central1-api
[debug] [2022-07-02T14:20:50.674Z] [worker-pool] Cleaned up workers for us-central1-api: 1 --> 0 {"metadata":{"emulator":{"name":"functions"},"message":"[worker-pool] Cleaned up workers for us-central1-api: 1 --> 0"}}
[info] i  functions: Loaded environment variables from .env. 
[debug] [2022-07-02T14:20:50.684Z] [worker-pool] addWorker(us-central1-api) {"metadata":{"emulator":{"name":"functions"},"message":"[worker-pool] addWorker(us-central1-api)"}}
[debug] [2022-07-02T14:20:50.684Z] [worker-pool] Adding worker with key us-central1-api, total=1 {"metadata":{"emulator":{"name":"functions"},"message":"[worker-pool] Adding worker with key us-central1-api, total=1"}}
[debug] [2022-07-02T14:20:50.684Z] [worker-pool] submitWork(triggerId=us-central1-api) {"metadata":{"emulator":{"name":"functions"},"message":"[worker-pool] submitWork(triggerId=us-central1-api)"}}
[debug] [2022-07-02T14:20:50.684Z] [worker-us-central1-api-29372d87-4e55-4e13-a3d2-4e5df3606bbc]: Assigning socketPath: \\?\pipe\C:\Users\hkaga\Desktop\repos\frontend\react\amazon-clone-fullstack\amazon-clone\functions\5932 {"metadata":{"emulator":{"name":"functions"},"message":"[worker-us-central1-api-29372d87-4e55-4e13-a3d2-4e5df3606bbc]: Assigning socketPath: \\\\?\\pipe\\C:\\Users\\hkaga\\Desktop\\repos\\frontend\\react\\amazon-clone-fullstack\\amazon-clone\\functions\\5932"}}
[debug] [2022-07-02T14:20:50.684Z] [worker-us-central1-api-29372d87-4e55-4e13-a3d2-4e5df3606bbc]: BUSY {"metadata":{"emulator":{"name":"functions"},"message":"[worker-us-central1-api-29372d87-4e55-4e13-a3d2-4e5df3606bbc]: BUSY"}}
[debug] [2022-07-02T14:20:51.870Z] [runtime-status] [5932] Functions runtime initialized. {"cwd":"C:\\Users\\hkaga\\Desktop\\repos\\frontend\\react\\amazon-clone-fullstack\\amazon-clone\\functions","node_version":"16.14.0"} {"metadata":{"emulator":{"name":"functions"},"function":{"name":"us-central1-api"},"extension":{},"message":"[runtime-status] [5932] Functions runtime initialized. {\"cwd\":\"C:\\\\Users\\\\hkaga\\\\Desktop\\\\repos\\\\frontend\\\\react\\\\amazon-clone-fullstack\\\\amazon-clone\\\\functions\",\"node_version\":\"16.14.0\"}"}}
[debug] [2022-07-02T14:20:51.871Z] [runtime-status] [5932] Disabled runtime features: undefined {"metadata":{"emulator":{"name":"functions"},"function":{"name":"us-central1-api"},"extension":{},"message":"[runtime-status] [5932] Disabled runtime features: undefined"}}
[debug] [2022-07-02T14:20:51.874Z] [runtime-status] [5932] Resolved module firebase-admin {"declared":true,"installed":true,"version":"10.3.0","resolution":"C:\\Users\\hkaga\\Desktop\\repos\\frontend\\react\\amazon-clone-fullstack\\amazon-clone\\functions\\node_modules\\firebase-admin\\lib\\index.js"} {"metadata":{"emulator":{"name":"functions"},"function":{"name":"us-central1-api"},"extension":{},"message":"[runtime-status] [5932] Resolved module firebase-admin {\"declared\":true,\"installed\":true,\"version\":\"10.3.0\",\"resolution\":\"C:\\\\Users\\\\hkaga\\\\Desktop\\\\repos\\\\frontend\\\\react\\\\amazon-clone-fullstack\\\\amazon-clone\\\\functions\\\\node_modules\\\\firebase-admin\\\\lib\\\\index.js\"}"}}
[debug] [2022-07-02T14:20:51.876Z] [runtime-status] [5932] Resolved module firebase-functions {"declared":true,"installed":true,"version":"3.22.0","resolution":"C:\\Users\\hkaga\\Desktop\\repos\\frontend\\react\\amazon-clone-fullstack\\amazon-clone\\functions\\node_modules\\firebase-functions\\lib\\index.js"} {"metadata":{"emulator":{"name":"functions"},"function":{"name":"us-central1-api"},"extension":{},"message":"[runtime-status] [5932] Resolved module firebase-functions {\"declared\":true,\"installed\":true,\"version\":\"3.22.0\",\"resolution\":\"C:\\\\Users\\\\hkaga\\\\Desktop\\\\repos\\\\frontend\\\\react\\\\amazon-clone-fullstack\\\\amazon-clone\\\\functions\\\\node_modules\\\\firebase-functions\\\\lib\\\\index.js\"}"}}
[debug] [2022-07-02T14:20:51.876Z] [runtime-status] [5932] Outgoing network have been stubbed. [{"name":"http","status":"mocked"},{"name":"http","status":"mocked"},{"name":"https","status":"mocked"},{"name":"https","status":"mocked"},{"name":"net","status":"mocked"}] {"metadata":{"emulator":{"name":"functions"},"function":{"name":"us-central1-api"},"extension":{},"message":"[runtime-status] [5932] Outgoing network have been stubbed. [{\"name\":\"http\",\"status\":\"mocked\"},{\"name\":\"http\",\"status\":\"mocked\"},{\"name\":\"https\",\"status\":\"mocked\"},{\"name\":\"https\",\"status\":\"mocked\"},{\"name\":\"net\",\"status\":\"mocked\"}]"}}
[debug] [2022-07-02T14:20:51.877Z] [runtime-status] [5932] Resolved module firebase-functions {"declared":true,"installed":true,"version":"3.22.0","resolution":"C:\\Users\\hkaga\\Desktop\\repos\\frontend\\react\\amazon-clone-fullstack\\amazon-clone\\functions\\node_modules\\firebase-functions\\lib\\index.js"} {"metadata":{"emulator":{"name":"functions"},"function":{"name":"us-central1-api"},"extension":{},"message":"[runtime-status] [5932] Resolved module firebase-functions {\"declared\":true,\"installed\":true,\"version\":\"3.22.0\",\"resolution\":\"C:\\\\Users\\\\hkaga\\\\Desktop\\\\repos\\\\frontend\\\\react\\\\amazon-clone-fullstack\\\\amazon-clone\\\\functions\\\\node_modules\\\\firebase-functions\\\\lib\\\\index.js\"}"}}
[debug] [2022-07-02T14:20:51.920Z] [runtime-status] [5932] Checked functions.config() {"config":{}} {"metadata":{"emulator":{"name":"functions"},"function":{"name":"us-central1-api"},"extension":{},"message":"[runtime-status] [5932] Checked functions.config() {\"config\":{}}"}}
[debug] [2022-07-02T14:20:51.921Z] [runtime-status] [5932] firebase-functions has been stubbed. {"functionsResolution":{"declared":true,"installed":true,"version":"3.22.0","resolution":"C:\\Users\\hkaga\\Desktop\\repos\\frontend\\react\\amazon-clone-fullstack\\amazon-clone\\functions\\node_modules\\firebase-functions\\lib\\index.js"}} {"metadata":{"emulator":{"name":"functions"},"function":{"name":"us-central1-api"},"extension":{},"message":"[runtime-status] [5932] firebase-functions has been stubbed. {\"functionsResolution\":{\"declared\":true,\"installed\":true,\"version\":\"3.22.0\",\"resolution\":\"C:\\\\Users\\\\hkaga\\\\Desktop\\\\repos\\\\frontend\\\\react\\\\amazon-clone-fullstack\\\\amazon-clone\\\\functions\\\\node_modules\\\\firebase-functions\\\\lib\\\\index.js\"}}"}}
[debug] [2022-07-02T14:20:51.922Z] [runtime-status] [5932] Resolved module firebase-functions {"declared":true,"installed":true,"version":"3.22.0","resolution":"C:\\Users\\hkaga\\Desktop\\repos\\frontend\\react\\amazon-clone-fullstack\\amazon-clone\\functions\\node_modules\\firebase-functions\\lib\\index.js"} {"metadata":{"emulator":{"name":"functions"},"function":{"name":"us-central1-api"},"extension":{},"message":"[runtime-status] [5932] Resolved module firebase-functions {\"declared\":true,\"installed\":true,\"version\":\"3.22.0\",\"resolution\":\"C:\\\\Users\\\\hkaga\\\\Desktop\\\\repos\\\\frontend\\\\react\\\\amazon-clone-fullstack\\\\amazon-clone\\\\functions\\\\node_modules\\\\firebase-functions\\\\lib\\\\index.js\"}"}}
[debug] [2022-07-02T14:20:51.923Z] [runtime-status] [5932] Resolved module firebase-admin {"declared":true,"installed":true,"version":"10.3.0","resolution":"C:\\Users\\hkaga\\Desktop\\repos\\frontend\\react\\amazon-clone-fullstack\\amazon-clone\\functions\\node_modules\\firebase-admin\\lib\\index.js"} {"metadata":{"emulator":{"name":"functions"},"function":{"name":"us-central1-api"},"extension":{},"message":"[runtime-status] [5932] Resolved module firebase-admin {\"declared\":true,\"installed\":true,\"version\":\"10.3.0\",\"resolution\":\"C:\\\\Users\\\\hkaga\\\\Desktop\\\\repos\\\\frontend\\\\react\\\\amazon-clone-fullstack\\\\amazon-clone\\\\functions\\\\node_modules\\\\firebase-admin\\\\lib\\\\index.js\"}"}}
[debug] [2022-07-02T14:20:51.924Z] [runtime-status] [5932] Resolved module firebase-functions {"declared":true,"installed":true,"version":"3.22.0","resolution":"C:\\Users\\hkaga\\Desktop\\repos\\frontend\\react\\amazon-clone-fullstack\\amazon-clone\\functions\\node_modules\\firebase-functions\\lib\\index.js"} {"metadata":{"emulator":{"name":"functions"},"function":{"name":"us-central1-api"},"extension":{},"message":"[runtime-status] [5932] Resolved module firebase-functions {\"declared\":true,\"installed\":true,\"version\":\"3.22.0\",\"resolution\":\"C:\\\\Users\\\\hkaga\\\\Desktop\\\\repos\\\\frontend\\\\react\\\\amazon-clone-fullstack\\\\amazon-clone\\\\functions\\\\node_modules\\\\firebase-functions\\\\lib\\\\index.js\"}"}}
[debug] [2022-07-02T14:20:51.924Z] [runtime-status] [5932] firebase-admin has been stubbed. {"adminResolution":{"declared":true,"installed":true,"version":"10.3.0","resolution":"C:\\Users\\hkaga\\Desktop\\repos\\frontend\\react\\amazon-clone-fullstack\\amazon-clone\\functions\\node_modules\\firebase-admin\\lib\\index.js"}} {"metadata":{"emulator":{"name":"functions"},"function":{"name":"us-central1-api"},"extension":{},"message":"[runtime-status] [5932] firebase-admin has been stubbed. {\"adminResolution\":{\"declared\":true,\"installed\":true,\"version\":\"10.3.0\",\"resolution\":\"C:\\\\Users\\\\hkaga\\\\Desktop\\\\repos\\\\frontend\\\\react\\\\amazon-clone-fullstack\\\\amazon-clone\\\\functions\\\\node_modules\\\\firebase-admin\\\\lib\\\\index.js\"}}"}}
[debug] [2022-07-02T14:20:52.104Z] [runtime-status] [5932] Beginning invocation function api! {"metadata":{"emulator":{"name":"functions"},"function":{"name":"us-central1-api"},"extension":{},"message":"[runtime-status] [5932] Beginning invocation function api!"}}
[info] i  functions: Beginning execution of "api" {"metadata":{"emulator":{"name":"functions"},"function":{"name":"us-central1-api"},"extension":{},"message":"Beginning execution of \"api\""}}
[debug] [2022-07-02T14:20:52.105Z] [runtime-status] [5932] Running api in signature http {"metadata":{"emulator":{"name":"functions"},"function":{"name":"us-central1-api"},"extension":{},"message":"[runtime-status] [5932] Running api in signature http"}}
[debug] [2022-07-02T14:20:52.108Z] [runtime-status] [5932] Attempting to listen to socketPath: \\?\pipe\C:\Users\hkaga\Desktop\repos\frontend\react\amazon-clone-fullstack\amazon-clone\functions\5932 {"metadata":{"emulator":{"name":"functions"},"function":{"name":"us-central1-api"},"extension":{},"message":"[runtime-status] [5932] Attempting to listen to socketPath: \\\\?\\pipe\\C:\\Users\\hkaga\\Desktop\\repos\\frontend\\react\\amazon-clone-fullstack\\amazon-clone\\functions\\5932"}}
[debug] [2022-07-02T14:20:52.111Z] [functions] Runtime ready! Sending request! {"metadata":{"emulator":{"name":"functions"},"message":"[functions] Runtime ready! Sending request!"}}
[debug] [2022-07-02T14:20:52.111Z] [functions] Got req.url=/clone-2b9d7/us-central1/api, mapping to path=/ {"metadata":{"emulator":{"name":"functions"},"message":"[functions] Got req.url=/clone-2b9d7/us-central1/api, mapping to path=/"}}
[debug] [2022-07-02T14:20:52.118Z] [runtime-status] [5932] Ephemeral server handling GET request {"metadata":{"emulator":{"name":"functions"},"function":{"name":"us-central1-api"},"extension":{},"message":"[runtime-status] [5932] Ephemeral server handling GET request"}}
[debug] [2022-07-02T14:20:52.126Z] [runtime-status] [5932] Ephemeral server survived. {"metadata":{"emulator":{"name":"functions"},"function":{"name":"us-central1-api"},"extension":{},"message":"[runtime-status] [5932] Ephemeral server survived."}}
[info] i  functions: Finished "api" in ~1s {"metadata":{"emulator":{"name":"functions"},"function":{"name":"us-central1-api"},"extension":{},"message":"Finished \"api\" in ~1s"}}
[debug] [2022-07-02T14:20:52.138Z] [worker-us-central1-api-29372d87-4e55-4e13-a3d2-4e5df3606bbc]: IDLE {"metadata":{"emulator":{"name":"functions"},"message":"[worker-us-central1-api-29372d87-4e55-4e13-a3d2-4e5df3606bbc]: IDLE"}}
[debug] [2022-07-02T14:20:52.139Z] [work-queue] {"queueLength":0,"workRunningCount":0}
[debug] [2022-07-02T14:20:52.231Z] Functions emulator received unknown request at path /favicon.ico
[debug] [2022-07-02T14:21:25.657Z] File C:\Users\hkaga\Desktop\repos\frontend\react\amazon-clone-fullstack\amazon-clone\functions\index.js changed, reloading triggers {"metadata":{"emulator":{"name":"functions"},"message":"File C:\\Users\\hkaga\\Desktop\\repos\\frontend\\react\\amazon-clone-fullstack\\amazon-clone\\functions\\index.js changed, reloading triggers"}}
[debug] [2022-07-02T14:21:26.662Z] [worker-pool] Shutting down IDLE worker (us-central1-api) {"metadata":{"emulator":{"name":"functions"},"message":"[worker-pool] Shutting down IDLE worker (us-central1-api)"}}
[debug] [2022-07-02T14:21:26.662Z] [worker-us-central1-api-29372d87-4e55-4e13-a3d2-4e5df3606bbc]: FINISHING {"metadata":{"emulator":{"name":"functions"},"message":"[worker-us-central1-api-29372d87-4e55-4e13-a3d2-4e5df3606bbc]: FINISHING"}}
[debug] [2022-07-02T14:21:26.663Z] Validating nodejs source
[debug] [2022-07-02T14:21:28.844Z] > [functions] package.json contents: {
  "name": "functions",
  "description": "Cloud Functions for Firebase",
  "scripts": {
    "lint": "eslint .",
    "serve": "firebase emulators:start --only functions",
    "shell": "firebase functions:shell",
    "start": "npm run shell",
    "deploy": "firebase deploy --only functions",
    "logs": "firebase functions:log"
  },
  "engines": {
    "node": "16"
  },
  "main": "index.js",
  "dependencies": {
    "cors": "^2.8.5",
    "express": "^4.18.1",
    "firebase-admin": "^10.0.2",
    "firebase-functions": "^3.18.0",
    "stripe": "^9.11.0"
  },
  "devDependencies": {
    "eslint": "^8.9.0",
    "eslint-config-google": "^0.14.0",
    "firebase-functions-test": "^0.2.0"
  },
  "private": true
}
[debug] [2022-07-02T14:21:28.844Z] Building nodejs source
[debug] [2022-07-02T14:21:28.844Z] Analyzing nodejs backend spec
[debug] [2022-07-02T14:21:28.845Z] [worker-us-central1-api-29372d87-4e55-4e13-a3d2-4e5df3606bbc]: exited {"metadata":{"emulator":{"name":"functions"},"message":"[worker-us-central1-api-29372d87-4e55-4e13-a3d2-4e5df3606bbc]: exited"}}
[debug] [2022-07-02T14:21:28.845Z] [worker-us-central1-api-29372d87-4e55-4e13-a3d2-4e5df3606bbc]: FINISHED {"metadata":{"emulator":{"name":"functions"},"message":"[worker-us-central1-api-29372d87-4e55-4e13-a3d2-4e5df3606bbc]: FINISHED"}}
[debug] [2022-07-02T14:21:28.845Z] Could not find functions.yaml. Must use http discovery
[debug] [2022-07-02T14:21:29.097Z] Serving at port 9005

[debug] [2022-07-02T14:21:29.228Z] Got response from /__/functions.yaml {"endpoints":{"api":{"platform":"gcfv1","httpsTrigger":{},"entryPoint":"api"}},"specVersion":"v1alpha1","requiredAPIs":[]}
[debug] [2022-07-02T14:21:29.234Z] shutdown requested via /__/quitquitquit

[debug] [2022-07-02T14:21:35.348Z] [work-queue] {"queueLength":1,"workRunningCount":0}
[debug] [2022-07-02T14:21:35.349Z] [work-queue] {"queueLength":0,"workRunningCount":1}
[debug] [2022-07-02T14:21:35.349Z] Accepted request POST /clone-2b9d7/us-central1/api/payments/create?total=11998 --> us-central1-api
[debug] [2022-07-02T14:21:35.349Z] [worker-pool] Cleaned up workers for us-central1-api: 1 --> 0 {"metadata":{"emulator":{"name":"functions"},"message":"[worker-pool] Cleaned up workers for us-central1-api: 1 --> 0"}}
[info] i  functions: Loaded environment variables from .env. 
[debug] [2022-07-02T14:21:35.360Z] [worker-pool] addWorker(us-central1-api) {"metadata":{"emulator":{"name":"functions"},"message":"[worker-pool] addWorker(us-central1-api)"}}
[debug] [2022-07-02T14:21:35.360Z] [worker-pool] Adding worker with key us-central1-api, total=1 {"metadata":{"emulator":{"name":"functions"},"message":"[worker-pool] Adding worker with key us-central1-api, total=1"}}
[debug] [2022-07-02T14:21:35.360Z] [worker-pool] submitWork(triggerId=us-central1-api) {"metadata":{"emulator":{"name":"functions"},"message":"[worker-pool] submitWork(triggerId=us-central1-api)"}}
[debug] [2022-07-02T14:21:35.360Z] [worker-us-central1-api-2f67f34f-4e50-4878-86fa-88192c69d004]: Assigning socketPath: \\?\pipe\C:\Users\hkaga\Desktop\repos\frontend\react\amazon-clone-fullstack\amazon-clone\functions\8988 {"metadata":{"emulator":{"name":"functions"},"message":"[worker-us-central1-api-2f67f34f-4e50-4878-86fa-88192c69d004]: Assigning socketPath: \\\\?\\pipe\\C:\\Users\\hkaga\\Desktop\\repos\\frontend\\react\\amazon-clone-fullstack\\amazon-clone\\functions\\8988"}}
[debug] [2022-07-02T14:21:35.361Z] [worker-us-central1-api-2f67f34f-4e50-4878-86fa-88192c69d004]: BUSY {"metadata":{"emulator":{"name":"functions"},"message":"[worker-us-central1-api-2f67f34f-4e50-4878-86fa-88192c69d004]: BUSY"}}
[debug] [2022-07-02T14:21:36.654Z] [runtime-status] [8988] Functions runtime initialized. {"cwd":"C:\\Users\\hkaga\\Desktop\\repos\\frontend\\react\\amazon-clone-fullstack\\amazon-clone\\functions","node_version":"16.14.0"} {"metadata":{"emulator":{"name":"functions"},"function":{"name":"us-central1-api"},"extension":{},"message":"[runtime-status] [8988] Functions runtime initialized. {\"cwd\":\"C:\\\\Users\\\\hkaga\\\\Desktop\\\\repos\\\\frontend\\\\react\\\\amazon-clone-fullstack\\\\amazon-clone\\\\functions\",\"node_version\":\"16.14.0\"}"}}
[debug] [2022-07-02T14:21:36.656Z] [runtime-status] [8988] Disabled runtime features: undefined {"metadata":{"emulator":{"name":"functions"},"function":{"name":"us-central1-api"},"extension":{},"message":"[runtime-status] [8988] Disabled runtime features: undefined"}}
[debug] [2022-07-02T14:21:36.658Z] [runtime-status] [8988] Resolved module firebase-admin {"declared":true,"installed":true,"version":"10.3.0","resolution":"C:\\Users\\hkaga\\Desktop\\repos\\frontend\\react\\amazon-clone-fullstack\\amazon-clone\\functions\\node_modules\\firebase-admin\\lib\\index.js"} {"metadata":{"emulator":{"name":"functions"},"function":{"name":"us-central1-api"},"extension":{},"message":"[runtime-status] [8988] Resolved module firebase-admin {\"declared\":true,\"installed\":true,\"version\":\"10.3.0\",\"resolution\":\"C:\\\\Users\\\\hkaga\\\\Desktop\\\\repos\\\\frontend\\\\react\\\\amazon-clone-fullstack\\\\amazon-clone\\\\functions\\\\node_modules\\\\firebase-admin\\\\lib\\\\index.js\"}"}}
[debug] [2022-07-02T14:21:36.660Z] [runtime-status] [8988] Resolved module firebase-functions {"declared":true,"installed":true,"version":"3.22.0","resolution":"C:\\Users\\hkaga\\Desktop\\repos\\frontend\\react\\amazon-clone-fullstack\\amazon-clone\\functions\\node_modules\\firebase-functions\\lib\\index.js"} {"metadata":{"emulator":{"name":"functions"},"function":{"name":"us-central1-api"},"extension":{},"message":"[runtime-status] [8988] Resolved module firebase-functions {\"declared\":true,\"installed\":true,\"version\":\"3.22.0\",\"resolution\":\"C:\\\\Users\\\\hkaga\\\\Desktop\\\\repos\\\\frontend\\\\react\\\\amazon-clone-fullstack\\\\amazon-clone\\\\functions\\\\node_modules\\\\firebase-functions\\\\lib\\\\index.js\"}"}}
[debug] [2022-07-02T14:21:36.661Z] [runtime-status] [8988] Outgoing network have been stubbed. [{"name":"http","status":"mocked"},{"name":"http","status":"mocked"},{"name":"https","status":"mocked"},{"name":"https","status":"mocked"},{"name":"net","status":"mocked"}] {"metadata":{"emulator":{"name":"functions"},"function":{"name":"us-central1-api"},"extension":{},"message":"[runtime-status] [8988] Outgoing network have been stubbed. [{\"name\":\"http\",\"status\":\"mocked\"},{\"name\":\"http\",\"status\":\"mocked\"},{\"name\":\"https\",\"status\":\"mocked\"},{\"name\":\"https\",\"status\":\"mocked\"},{\"name\":\"net\",\"status\":\"mocked\"}]"}}
[debug] [2022-07-02T14:21:36.662Z] [runtime-status] [8988] Resolved module firebase-functions {"declared":true,"installed":true,"version":"3.22.0","resolution":"C:\\Users\\hkaga\\Desktop\\repos\\frontend\\react\\amazon-clone-fullstack\\amazon-clone\\functions\\node_modules\\firebase-functions\\lib\\index.js"} {"metadata":{"emulator":{"name":"functions"},"function":{"name":"us-central1-api"},"extension":{},"message":"[runtime-status] [8988] Resolved module firebase-functions {\"declared\":true,\"installed\":true,\"version\":\"3.22.0\",\"resolution\":\"C:\\\\Users\\\\hkaga\\\\Desktop\\\\repos\\\\frontend\\\\react\\\\amazon-clone-fullstack\\\\amazon-clone\\\\functions\\\\node_modules\\\\firebase-functions\\\\lib\\\\index.js\"}"}}
[debug] [2022-07-02T14:21:36.726Z] [runtime-status] [8988] Checked functions.config() {"config":{}} {"metadata":{"emulator":{"name":"functions"},"function":{"name":"us-central1-api"},"extension":{},"message":"[runtime-status] [8988] Checked functions.config() {\"config\":{}}"}}
[debug] [2022-07-02T14:21:36.726Z] [runtime-status] [8988] firebase-functions has been stubbed. {"functionsResolution":{"declared":true,"installed":true,"version":"3.22.0","resolution":"C:\\Users\\hkaga\\Desktop\\repos\\frontend\\react\\amazon-clone-fullstack\\amazon-clone\\functions\\node_modules\\firebase-functions\\lib\\index.js"}} {"metadata":{"emulator":{"name":"functions"},"function":{"name":"us-central1-api"},"extension":{},"message":"[runtime-status] [8988] firebase-functions has been stubbed. {\"functionsResolution\":{\"declared\":true,\"installed\":true,\"version\":\"3.22.0\",\"resolution\":\"C:\\\\Users\\\\hkaga\\\\Desktop\\\\repos\\\\frontend\\\\react\\\\amazon-clone-fullstack\\\\amazon-clone\\\\functions\\\\node_modules\\\\firebase-functions\\\\lib\\\\index.js\"}}"}}
[debug] [2022-07-02T14:21:36.727Z] [runtime-status] [8988] Resolved module firebase-functions {"declared":true,"installed":true,"version":"3.22.0","resolution":"C:\\Users\\hkaga\\Desktop\\repos\\frontend\\react\\amazon-clone-fullstack\\amazon-clone\\functions\\node_modules\\firebase-functions\\lib\\index.js"} {"metadata":{"emulator":{"name":"functions"},"function":{"name":"us-central1-api"},"extension":{},"message":"[runtime-status] [8988] Resolved module firebase-functions {\"declared\":true,\"installed\":true,\"version\":\"3.22.0\",\"resolution\":\"C:\\\\Users\\\\hkaga\\\\Desktop\\\\repos\\\\frontend\\\\react\\\\amazon-clone-fullstack\\\\amazon-clone\\\\functions\\\\node_modules\\\\firebase-functions\\\\lib\\\\index.js\"}"}}
[debug] [2022-07-02T14:21:36.729Z] [runtime-status] [8988] Resolved module firebase-admin {"declared":true,"installed":true,"version":"10.3.0","resolution":"C:\\Users\\hkaga\\Desktop\\repos\\frontend\\react\\amazon-clone-fullstack\\amazon-clone\\functions\\node_modules\\firebase-admin\\lib\\index.js"} {"metadata":{"emulator":{"name":"functions"},"function":{"name":"us-central1-api"},"extension":{},"message":"[runtime-status] [8988] Resolved module firebase-admin {\"declared\":true,\"installed\":true,\"version\":\"10.3.0\",\"resolution\":\"C:\\\\Users\\\\hkaga\\\\Desktop\\\\repos\\\\frontend\\\\react\\\\amazon-clone-fullstack\\\\amazon-clone\\\\functions\\\\node_modules\\\\firebase-admin\\\\lib\\\\index.js\"}"}}
[debug] [2022-07-02T14:21:36.729Z] [runtime-status] [8988] Resolved module firebase-functions {"declared":true,"installed":true,"version":"3.22.0","resolution":"C:\\Users\\hkaga\\Desktop\\repos\\frontend\\react\\amazon-clone-fullstack\\amazon-clone\\functions\\node_modules\\firebase-functions\\lib\\index.js"} {"metadata":{"emulator":{"name":"functions"},"function":{"name":"us-central1-api"},"extension":{},"message":"[runtime-status] [8988] Resolved module firebase-functions {\"declared\":true,\"installed\":true,\"version\":\"3.22.0\",\"resolution\":\"C:\\\\Users\\\\hkaga\\\\Desktop\\\\repos\\\\frontend\\\\react\\\\amazon-clone-fullstack\\\\amazon-clone\\\\functions\\\\node_modules\\\\firebase-functions\\\\lib\\\\index.js\"}"}}
[debug] [2022-07-02T14:21:36.730Z] [runtime-status] [8988] firebase-admin has been stubbed. {"adminResolution":{"declared":true,"installed":true,"version":"10.3.0","resolution":"C:\\Users\\hkaga\\Desktop\\repos\\frontend\\react\\amazon-clone-fullstack\\amazon-clone\\functions\\node_modules\\firebase-admin\\lib\\index.js"}} {"metadata":{"emulator":{"name":"functions"},"function":{"name":"us-central1-api"},"extension":{},"message":"[runtime-status] [8988] firebase-admin has been stubbed. {\"adminResolution\":{\"declared\":true,\"installed\":true,\"version\":\"10.3.0\",\"resolution\":\"C:\\\\Users\\\\hkaga\\\\Desktop\\\\repos\\\\frontend\\\\react\\\\amazon-clone-fullstack\\\\amazon-clone\\\\functions\\\\node_modules\\\\firebase-admin\\\\lib\\\\index.js\"}}"}}
[debug] [2022-07-02T14:21:36.900Z] [runtime-status] [8988] Beginning invocation function api! {"metadata":{"emulator":{"name":"functions"},"function":{"name":"us-central1-api"},"extension":{},"message":"[runtime-status] [8988] Beginning invocation function api!"}}
[info] i  functions: Beginning execution of "api" {"metadata":{"emulator":{"name":"functions"},"function":{"name":"us-central1-api"},"extension":{},"message":"Beginning execution of \"api\""}}
[debug] [2022-07-02T14:21:36.901Z] [runtime-status] [8988] Running api in signature http {"metadata":{"emulator":{"name":"functions"},"function":{"name":"us-central1-api"},"extension":{},"message":"[runtime-status] [8988] Running api in signature http"}}
[debug] [2022-07-02T14:21:36.904Z] [runtime-status] [8988] Attempting to listen to socketPath: \\?\pipe\C:\Users\hkaga\Desktop\repos\frontend\react\amazon-clone-fullstack\amazon-clone\functions\8988 {"metadata":{"emulator":{"name":"functions"},"function":{"name":"us-central1-api"},"extension":{},"message":"[runtime-status] [8988] Attempting to listen to socketPath: \\\\?\\pipe\\C:\\Users\\hkaga\\Desktop\\repos\\frontend\\react\\amazon-clone-fullstack\\amazon-clone\\functions\\8988"}}
[debug] [2022-07-02T14:21:36.907Z] [functions] Runtime ready! Sending request! {"metadata":{"emulator":{"name":"functions"},"message":"[functions] Runtime ready! Sending request!"}}
[debug] [2022-07-02T14:21:36.907Z] [functions] Got req.url=/clone-2b9d7/us-central1/api/payments/create?total=11998, mapping to path=/payments/create?total=11998 {"metadata":{"emulator":{"name":"functions"},"message":"[functions] Got req.url=/clone-2b9d7/us-central1/api/payments/create?total=11998, mapping to path=/payments/create?total=11998"}}
[debug] [2022-07-02T14:21:36.915Z] [runtime-status] [8988] Ephemeral server handling POST request {"metadata":{"emulator":{"name":"functions"},"function":{"name":"us-central1-api"},"extension":{},"message":"[runtime-status] [8988] Ephemeral server handling POST request"}}
[info] >  payment request received BOOOMM!!! amount >>>>  11998 {"user":"payment request received BOOOMM!!! amount >>>>  11998","metadata":{"emulator":{"name":"functions"},"function":{"name":"us-central1-api"},"extension":{},"message":"\u001b[90m> \u001b[39m payment request received BOOOMM!!! amount >>>>  11998"}}
[debug] [2022-07-02T14:21:36.928Z] [runtime-status] [8988] Ephemeral server survived. {"metadata":{"emulator":{"name":"functions"},"function":{"name":"us-central1-api"},"extension":{},"message":"[runtime-status] [8988] Ephemeral server survived."}}
[info] i  functions: Finished "api" in ~1s {"metadata":{"emulator":{"name":"functions"},"function":{"name":"us-central1-api"},"extension":{},"message":"Finished \"api\" in ~1s"}}
[debug] [2022-07-02T14:21:37.631Z] [worker-us-central1-api-2f67f34f-4e50-4878-86fa-88192c69d004]: IDLE {"metadata":{"emulator":{"name":"functions"},"message":"[worker-us-central1-api-2f67f34f-4e50-4878-86fa-88192c69d004]: IDLE"}}
[debug] [2022-07-02T14:21:37.631Z] [work-queue] {"queueLength":0,"workRunningCount":0}
[debug] [2022-07-02T14:28:01.598Z] [work-queue] {"queueLength":1,"workRunningCount":0}
[debug] [2022-07-02T14:28:01.598Z] [work-queue] {"queueLength":0,"workRunningCount":1}
[debug] [2022-07-02T14:28:01.598Z] Accepted request POST /clone-2b9d7/us-central1/api/payments/create?total=68096 --> us-central1-api
[debug] [2022-07-02T14:28:01.598Z] [worker-pool] submitWork(triggerId=us-central1-api) {"metadata":{"emulator":{"name":"functions"},"message":"[worker-pool] submitWork(triggerId=us-central1-api)"}}
[debug] [2022-07-02T14:28:01.598Z] [worker-us-central1-api-2f67f34f-4e50-4878-86fa-88192c69d004]: Assigning socketPath: \\?\pipe\C:\Users\hkaga\Desktop\repos\frontend\react\amazon-clone-fullstack\amazon-clone\functions\8988 {"metadata":{"emulator":{"name":"functions"},"message":"[worker-us-central1-api-2f67f34f-4e50-4878-86fa-88192c69d004]: Assigning socketPath: \\\\?\\pipe\\C:\\Users\\hkaga\\Desktop\\repos\\frontend\\react\\amazon-clone-fullstack\\amazon-clone\\functions\\8988"}}
[debug] [2022-07-02T14:28:01.598Z] [worker-us-central1-api-2f67f34f-4e50-4878-86fa-88192c69d004]: BUSY {"metadata":{"emulator":{"name":"functions"},"message":"[worker-us-central1-api-2f67f34f-4e50-4878-86fa-88192c69d004]: BUSY"}}
[debug] [2022-07-02T14:28:01.598Z] [runtime-status] [8988] Beginning invocation function api! {"metadata":{"emulator":{"name":"functions"},"function":{"name":"us-central1-api"},"extension":{},"message":"[runtime-status] [8988] Beginning invocation function api!"}}
[info] i  functions: Beginning execution of "api" {"metadata":{"emulator":{"name":"functions"},"function":{"name":"us-central1-api"},"extension":{},"message":"Beginning execution of \"api\""}}
[debug] [2022-07-02T14:28:01.599Z] [runtime-status] [8988] Running api in signature http {"metadata":{"emulator":{"name":"functions"},"function":{"name":"us-central1-api"},"extension":{},"message":"[runtime-status] [8988] Running api in signature http"}}
[debug] [2022-07-02T14:28:01.600Z] [runtime-status] [8988] Attempting to listen to socketPath: \\?\pipe\C:\Users\hkaga\Desktop\repos\frontend\react\amazon-clone-fullstack\amazon-clone\functions\8988 {"metadata":{"emulator":{"name":"functions"},"function":{"name":"us-central1-api"},"extension":{},"message":"[runtime-status] [8988] Attempting to listen to socketPath: \\\\?\\pipe\\C:\\Users\\hkaga\\Desktop\\repos\\frontend\\react\\amazon-clone-fullstack\\amazon-clone\\functions\\8988"}}
[debug] [2022-07-02T14:28:01.601Z] [functions] Runtime ready! Sending request! {"metadata":{"emulator":{"name":"functions"},"message":"[functions] Runtime ready! Sending request!"}}
[debug] [2022-07-02T14:28:01.601Z] [functions] Got req.url=/clone-2b9d7/us-central1/api/payments/create?total=68096, mapping to path=/payments/create?total=68096 {"metadata":{"emulator":{"name":"functions"},"message":"[functions] Got req.url=/clone-2b9d7/us-central1/api/payments/create?total=68096, mapping to path=/payments/create?total=68096"}}
[debug] [2022-07-02T14:28:01.604Z] [runtime-status] [8988] Ephemeral server handling POST request {"metadata":{"emulator":{"name":"functions"},"function":{"name":"us-central1-api"},"extension":{},"message":"[runtime-status] [8988] Ephemeral server handling POST request"}}
[info] >  payment request received BOOOMM!!! amount >>>>  68096 {"user":"payment request received BOOOMM!!! amount >>>>  68096","metadata":{"emulator":{"name":"functions"},"function":{"name":"us-central1-api"},"extension":{},"message":"\u001b[90m> \u001b[39m payment request received BOOOMM!!! amount >>>>  68096"}}
[debug] [2022-07-02T14:28:01.608Z] [runtime-status] [8988] Ephemeral server survived. {"metadata":{"emulator":{"name":"functions"},"function":{"name":"us-central1-api"},"extension":{},"message":"[runtime-status] [8988] Ephemeral server survived."}}
[info] i  functions: Finished "api" in ~1s {"metadata":{"emulator":{"name":"functions"},"function":{"name":"us-central1-api"},"extension":{},"message":"Finished \"api\" in ~1s"}}
[debug] [2022-07-02T14:28:02.285Z] [worker-us-central1-api-2f67f34f-4e50-4878-86fa-88192c69d004]: IDLE {"metadata":{"emulator":{"name":"functions"},"message":"[worker-us-central1-api-2f67f34f-4e50-4878-86fa-88192c69d004]: IDLE"}}
[debug] [2022-07-02T14:28:02.285Z] [work-queue] {"queueLength":0,"workRunningCount":0}
